
[Log Startup at 14:07:40]
2023-02-20 14:07:40.591 (Info) EventServer.StartService - Starting ClientServices...
2023-02-20 14:07:40.598 (Info) EventService.Initialize - Event Service Initialized...
2023-02-20 14:07:40.599 (Info) EventService.Start - Event Service Thread created...
2023-02-20 14:07:40.599 (Info) EventServer.StartService - Create new event listener on server...
2023-02-20 14:07:40.606 (Info) EventServer.StartService.ThreadStart - Starting event listener thread...
2023-02-20 14:07:40.606 (Info) EventServer.StartService.ListenerThread - Event Listener Thread Started successfully.
2023-02-20 14:07:40.608 (Info) EventServer.Listener.Start - Starting listener...
2023-02-20 14:07:40.610 (Info) EventServer.Listener - Server started on port 9101

[Log Startup at 14:10:43]
2023-02-20 14:10:43.907 (Info) EventServer.StartService - Starting ClientServices...
2023-02-20 14:10:43.912 (Info) EventService.Initialize - Event Service Initialized...
2023-02-20 14:10:43.912 (Info) EventService.Start - Event Service Thread created...
2023-02-20 14:10:43.912 (Info) EventServer.StartService - Create new event listener on server...
2023-02-20 14:10:43.919 (Info) EventServer.StartService.ThreadStart - Starting event listener thread...
2023-02-20 14:10:43.920 (Info) EventServer.StartService.ListenerThread - Event Listener Thread Started successfully.
2023-02-20 14:10:43.922 (Info) EventServer.Listener.Start - Starting listener...
2023-02-20 14:10:43.922 (Info) EventServer.Listener - Server started on port 9101

[Log Startup at 15:39:50]
2023-02-20 15:39:50.347 (Info) EventServer.StartService - Starting ClientServices...
2023-02-20 15:39:50.351 (Info) EventService.Initialize - Event Service Initialized...
2023-02-20 15:39:50.351 (Info) EventService.Start - Event Service Thread created...
2023-02-20 15:39:50.351 (Info) EventServer.StartService - Create new event listener on server...
2023-02-20 15:39:50.391 (Info) EventServer.StartService.ThreadStart - Starting event listener thread...
2023-02-20 15:39:50.392 (Info) EventServer.StartService.ListenerThread - Event Listener Thread Started successfully.
2023-02-20 15:39:50.394 (Info) EventServer.Listener.Start - Starting listener...
2023-02-20 15:39:50.395 (Info) EventServer.Listener - Server started on port 9101
2023-02-20 15:40:35.382 (Info) EventServer.StopService - Stopping events services...
2023-02-20 15:40:35.382 (Info) EventService.Stop - Stopping service thread...
2023-02-20 15:40:35.479 (Info) EventService.Stop - Events Thread pool stopped.
2023-02-20 15:40:35.479 (Info) EventService.Stop - Stop event client connections 0 active connections.
2023-02-20 15:40:35.479 (Info) EventServer.ClientTask.Stop - Completed successfully.
2023-02-20 15:40:35.479 (Info) EventServer.StopService.Listener.Stop - Initiating listener stop....
2023-02-20 15:40:35.479 (Info) EventServer.StopService.Listener.Stop -  successfull.
2023-02-20 15:40:35.819 (Info) EventServer.ListenerThread.Join - Completed.

[Log Startup at 15:40:38]
2023-02-20 15:40:38.503 (Info) EventServer.StartService - Starting ClientServices...
2023-02-20 15:40:38.507 (Info) EventService.Initialize - Event Service Initialized...
2023-02-20 15:40:38.507 (Info) EventService.Start - Event Service Thread created...
2023-02-20 15:40:38.507 (Info) EventServer.StartService - Create new event listener on server...
2023-02-20 15:40:38.513 (Info) EventServer.StartService.ThreadStart - Starting event listener thread...
2023-02-20 15:40:38.514 (Info) EventServer.StartService.ListenerThread - Event Listener Thread Started successfully.
2023-02-20 15:40:38.516 (Info) EventServer.Listener.Start - Starting listener...
2023-02-20 15:40:38.518 (Info) EventServer.Listener - Server started on port 9101
2023-02-20 15:42:12.807 (Info) EventServer.StopService - Stopping events services...
2023-02-20 15:42:12.807 (Info) EventService.Stop - Stopping service thread...
2023-02-20 15:42:12.839 (Info) EventService.Stop - Events Thread pool stopped.
2023-02-20 15:42:12.839 (Info) EventService.Stop - Stop event client connections 0 active connections.
2023-02-20 15:42:12.839 (Info) EventServer.ClientTask.Stop - Completed successfully.
2023-02-20 15:42:12.839 (Info) EventServer.StopService.Listener.Stop - Initiating listener stop....
2023-02-20 15:42:12.840 (Info) EventServer.StopService.Listener.Stop -  successfull.
2023-02-20 15:42:13.119 (Info) EventServer.ListenerThread.Join - Completed.

[Log Startup at 15:42:14]
2023-02-20 15:42:14.698 (Info) EventServer.StartService - Starting ClientServices...
2023-02-20 15:42:14.703 (Info) EventService.Initialize - Event Service Initialized...
2023-02-20 15:42:14.704 (Info) EventService.Start - Event Service Thread created...
2023-02-20 15:42:14.704 (Info) EventServer.StartService - Create new event listener on server...
2023-02-20 15:42:14.736 (Info) EventServer.StartService.ThreadStart - Starting event listener thread...
2023-02-20 15:42:14.737 (Info) EventServer.StartService.ListenerThread - Event Listener Thread Started successfully.
2023-02-20 15:42:14.738 (Info) EventServer.Listener.Start - Starting listener...
2023-02-20 15:42:14.741 (Info) EventServer.Listener - Server started on port 9101
