
[Log Startup at 10:09:09]
2023-03-02 10:09:09.188 (Info) EventServer.StartService - Starting ClientServices...
2023-03-02 10:09:09.194 (Info) EventService.Initialize - Event Service Initialized...
2023-03-02 10:09:09.195 (Info) EventService.Start - Event Service Thread created...
2023-03-02 10:09:09.195 (Info) EventServer.StartService - Create new event listener on server...
2023-03-02 10:09:09.204 (Info) EventServer.StartService.ThreadStart - Starting event listener thread...
2023-03-02 10:09:09.208 (Info) EventServer.StartService.ListenerThread - Event Listener Thread Started successfully.
2023-03-02 10:09:09.209 (Info) EventServer.Listener.Start - Starting listener...
2023-03-02 10:09:09.213 (Info) EventServer.Listener - Server started on port 9101

[Log Startup at 14:51:46]
2023-03-02 14:51:46.957 (Info) EventServer.StartService - Starting ClientServices...
2023-03-02 14:51:46.963 (Info) EventService.Initialize - Event Service Initialized...
2023-03-02 14:51:46.964 (Info) EventService.Start - Event Service Thread created...
2023-03-02 14:51:46.964 (Info) EventServer.StartService - Create new event listener on server...
2023-03-02 14:51:46.994 (Info) EventServer.StartService.ThreadStart - Starting event listener thread...
2023-03-02 14:51:46.995 (Info) EventServer.StartService.ListenerThread - Event Listener Thread Started successfully.
2023-03-02 14:51:46.996 (Info) EventServer.Listener.Start - Starting listener...
2023-03-02 14:51:46.998 (Info) EventServer.Listener - Server started on port 9101

[Log Startup at 15:39:24]
2023-03-02 15:39:24.375 (Info) EventServer.StartService - Starting ClientServices...
2023-03-02 15:39:24.382 (Info) EventService.Initialize - Event Service Initialized...
2023-03-02 15:39:24.382 (Info) EventService.Start - Event Service Thread created...
2023-03-02 15:39:24.382 (Info) EventServer.StartService - Create new event listener on server...
2023-03-02 15:39:24.414 (Info) EventServer.StartService.ThreadStart - Starting event listener thread...
2023-03-02 15:39:24.414 (Info) EventServer.StartService.ListenerThread - Event Listener Thread Started successfully.
2023-03-02 15:39:24.416 (Info) EventServer.Listener.Start - Starting listener...
2023-03-02 15:39:24.440 (Info) EventServer.Listener - Server started on port 9101

[Log Startup at 15:40:10]
2023-03-02 15:40:10.625 (Info) EventServer.StartService - Starting ClientServices...
2023-03-02 15:40:10.629 (Info) EventService.Initialize - Event Service Initialized...
2023-03-02 15:40:10.630 (Info) EventService.Start - Event Service Thread created...
2023-03-02 15:40:10.630 (Info) EventServer.StartService - Create new event listener on server...
2023-03-02 15:40:10.638 (Info) EventServer.StartService.ThreadStart - Starting event listener thread...
2023-03-02 15:40:10.638 (Info) EventServer.StartService.ListenerThread - Event Listener Thread Started successfully.
2023-03-02 15:40:10.640 (Info) EventServer.Listener.Start - Starting listener...
2023-03-02 15:40:10.642 (Info) EventServer.Listener - Server started on port 9101
