
[Log Startup at 14:07:40]
2023-02-20 14:07:40.704 (Info) Server.StartService - SILSocketServer, Ver=1.0.0 Build 0
2023-02-20 14:07:40.820 (Info) Server.StartService - Starting ClientServices...
2023-02-20 14:07:40.930 (Info) ClientService.Initialize - Client service pool created for 50 threads.
2023-02-20 14:07:41.042 (Info) ClientService.Start - Client threads on server: 50.
2023-02-20 14:07:41.151 (Info) Server.StartService - Create new listener on server...
2023-02-20 14:07:41.262 (Info) Server.StartService.ThreadStart - Starting listener thread...
2023-02-20 14:07:41.373 (Info) Server.StartService.ListenerThread - Listener Thread Started successfully on port 9100.
2023-02-20 14:07:41.485 (Info) Server.Listener.Start - Starting listener...
2023-02-20 14:07:41.596 (Info) Server.Listener - Server started on port 9100

[Log Startup at 14:10:44]
2023-02-20 14:10:44.017 (Info) Server.StartService - SILSocketServer, Ver=1.0.0 Build 0
2023-02-20 14:10:44.128 (Info) Server.StartService - Starting ClientServices...
2023-02-20 14:10:44.238 (Info) ClientService.Initialize - Client service pool created for 50 threads.
2023-02-20 14:10:44.348 (Info) ClientService.Start - Client threads on server: 50.
2023-02-20 14:10:44.458 (Info) Server.StartService - Create new listener on server...
2023-02-20 14:10:44.569 (Info) Server.StartService.ThreadStart - Starting listener thread...
2023-02-20 14:10:44.680 (Info) Server.StartService.ListenerThread - Listener Thread Started successfully on port 9100.
2023-02-20 14:10:44.792 (Info) Server.Listener.Start - Starting listener...
2023-02-20 14:10:44.904 (Info) Server.Listener - Server started on port 9100

[Log Startup at 15:39:50]
2023-02-20 15:39:50.491 (Info) Server.StartService - SILSocketServer, Ver=1.0.0 Build 0
2023-02-20 15:39:50.597 (Info) Server.StartService - Starting ClientServices...
2023-02-20 15:39:50.699 (Info) ClientService.Initialize - Client service pool created for 50 threads.
2023-02-20 15:39:50.810 (Info) ClientService.Start - Client threads on server: 50.
2023-02-20 15:39:50.920 (Info) Server.StartService - Create new listener on server...
2023-02-20 15:39:51.027 (Info) Server.StartService.ThreadStart - Starting listener thread...
2023-02-20 15:39:51.135 (Info) Server.StartService.ListenerThread - Listener Thread Started successfully on port 9100.
2023-02-20 15:39:51.243 (Info) Server.Listener.Start - Starting listener...
2023-02-20 15:39:51.351 (Info) Server.Listener - Server started on port 9100
2023-02-20 15:40:34.090 (Info) Server.StopService - Stopping client services...
2023-02-20 15:40:34.284 (Info) ClientService.Stop - Stopping thread service...
2023-02-20 15:40:34.392 (Info) ClientService.Stop - Thread pool stopped.
2023-02-20 15:40:34.500 (Info) ClientService.Stop - Stop client connections 0 active connections.
2023-02-20 15:40:34.608 (Info) Server.ClientTask.Stop - Completed successfully.
2023-02-20 15:40:34.714 (Info) Server.StopService.Listener.Stop - Initiating listener stop....
2023-02-20 15:40:34.821 (Info) Server.StopService.Listener.Stop -  successfull.
2023-02-20 15:40:34.929 (Info) Server.ListenerThread.Join - Completed.
2023-02-20 15:40:35.038 (Info) Server.StopService - Uptime: 0 days 0 hours 0 minutes 44 seconds.
2023-02-20 15:40:35.146 (Info) EventServer.StopService - Sending Signal to Stop Event Service

[Log Startup at 15:40:38]
2023-02-20 15:40:38.613 (Info) Server.StartService - SILSocketServer, Ver=1.0.0 Build 0
2023-02-20 15:40:38.728 (Info) Server.StartService - Starting ClientServices...
2023-02-20 15:40:38.835 (Info) ClientService.Initialize - Client service pool created for 50 threads.
2023-02-20 15:40:38.946 (Info) ClientService.Start - Client threads on server: 50.
2023-02-20 15:40:39.055 (Info) Server.StartService - Create new listener on server...
2023-02-20 15:40:39.166 (Info) Server.StartService.ThreadStart - Starting listener thread...
2023-02-20 15:40:39.274 (Info) Server.StartService.ListenerThread - Listener Thread Started successfully on port 9100.
2023-02-20 15:40:39.383 (Info) Server.Listener.Start - Starting listener...
2023-02-20 15:40:39.494 (Info) Server.Listener - Server started on port 9100
2023-02-20 15:42:11.225 (Info) Server.StopService - Stopping client services...
2023-02-20 15:42:11.586 (Info) ClientService.Stop - Stopping thread service...
2023-02-20 15:42:11.739 (Info) ClientService.Stop - Thread pool stopped.
2023-02-20 15:42:11.849 (Info) ClientService.Stop - Stop client connections 0 active connections.
2023-02-20 15:42:11.959 (Info) Server.ClientTask.Stop - Completed successfully.
2023-02-20 15:42:12.068 (Info) Server.StopService.Listener.Stop - Initiating listener stop....
2023-02-20 15:42:12.177 (Info) Server.StopService.Listener.Stop -  successfull.
2023-02-20 15:42:12.287 (Info) Server.ListenerThread.Join - Completed.
2023-02-20 15:42:12.398 (Info) Server.StopService - Uptime: 0 days 0 hours 1 minutes 33 seconds.
2023-02-20 15:42:12.510 (Info) EventServer.StopService - Sending Signal to Stop Event Service

[Log Startup at 15:42:14]
2023-02-20 15:42:14.843 (Info) Server.StartService - SILSocketServer, Ver=1.0.0 Build 0
2023-02-20 15:42:14.949 (Info) Server.StartService - Starting ClientServices...
2023-02-20 15:42:15.061 (Info) ClientService.Initialize - Client service pool created for 50 threads.
2023-02-20 15:42:15.171 (Info) ClientService.Start - Client threads on server: 50.
2023-02-20 15:42:15.282 (Info) Server.StartService - Create new listener on server...
2023-02-20 15:42:15.393 (Info) Server.StartService.ThreadStart - Starting listener thread...
2023-02-20 15:42:15.504 (Info) Server.StartService.ListenerThread - Listener Thread Started successfully on port 9100.
2023-02-20 15:42:15.613 (Info) Server.Listener.Start - Starting listener...
2023-02-20 15:42:15.724 (Info) Server.Listener - Server started on port 9100
2023-02-20 15:42:52.930 (Info) Server.Listener - New client connection detected...
2023-02-20 15:42:57.138 (Info) ClientHandler.Initialize - Creating new client connection.
2023-02-20 15:42:57.241 (Info) ClientHandler.Initialize - Connected client : 10.91.6.18
2023-02-20 15:42:57.348 (Data) ClientHandler.ProcessData - IP=10.91.6.18 Mesg=V_USER~1~1~
2023-02-20 15:42:57.456 (Data) ClientHandler.ProcessData - IP=10.91.6.18 Resp=ERROR~Invalid object name 'TBL_DEVICE_REG'.
